<?xml version="1.0" encoding="UTF-8"?>
<testsuite xmlns:xsi="http://www.w3.org/2001/XMLSchema-instance" xsi:noNamespaceSchemaLocation="https://maven.apache.org/surefire/maven-surefire-plugin/xsd/surefire-test-report.xsd" version="3.0.2" name="tqs.sets.BoundedSetOfNaturalsTest" time="0.043" tests="14" errors="0" skipped="0" failures="0">
  <properties>
    <property name="sonar.projectName" value="Lab8"/>
    <property name="java.specification.version" value="17"/>
    <property name="sun.jnu.encoding" value="UTF-8"/>
    <property name="sonar.host.url" value="http://localhost:9000"/>
    <property name="java.class.path" value="/home/hugao/Desktop/TQS_112733/lab8/lab1_2euromillions/target/test-classes:/home/hugao/Desktop/TQS_112733/lab8/lab1_2euromillions/target/classes:/home/hugao/.m2/repository/org/sonarsource/scanner/maven/sonar-maven-plugin/5.1.0.4751/sonar-maven-plugin-5.1.0.4751.jar:/home/hugao/.m2/repository/org/codehaus/plexus/plexus-sec-dispatcher/2.0/plexus-sec-dispatcher-2.0.jar:/home/hugao/.m2/repository/org/codehaus/plexus/plexus-cipher/2.0/plexus-cipher-2.0.jar:/home/hugao/.m2/repository/javax/inject/javax.inject/1/javax.inject-1.jar:/home/hugao/.m2/repository/org/sonarsource/scanner/lib/sonar-scanner-java-library/3.3.1.450/sonar-scanner-java-library-3.3.1.450.jar:/home/hugao/.m2/repository/com/squareup/okhttp3/okhttp/4.12.0/okhttp-4.12.0.jar:/home/hugao/.m2/repository/com/squareup/okio/okio/3.6.0/okio-3.6.0.jar:/home/hugao/.m2/repository/com/squareup/okio/okio-jvm/3.6.0/okio-jvm-3.6.0.jar:/home/hugao/.m2/repository/org/jetbrains/kotlin/kotlin-stdlib-common/1.9.10/kotlin-stdlib-common-1.9.10.jar:/home/hugao/.m2/repository/org/jetbrains/kotlin/kotlin-stdlib-jdk8/1.8.21/kotlin-stdlib-jdk8-1.8.21.jar:/home/hugao/.m2/repository/org/jetbrains/kotlin/kotlin-stdlib/1.8.21/kotlin-stdlib-1.8.21.jar:/home/hugao/.m2/repository/org/jetbrains/annotations/13.0/annotations-13.0.jar:/home/hugao/.m2/repository/org/jetbrains/kotlin/kotlin-stdlib-jdk7/1.8.21/kotlin-stdlib-jdk7-1.8.21.jar:/home/hugao/.m2/repository/com/squareup/okhttp3/okhttp-urlconnection/4.12.0/okhttp-urlconnection-4.12.0.jar:/home/hugao/.m2/repository/com/squareup/okhttp3/logging-interceptor/4.12.0/logging-interceptor-4.12.0.jar:/home/hugao/.m2/repository/com/google/code/gson/gson/2.11.0/gson-2.11.0.jar:/home/hugao/.m2/repository/com/google/errorprone/error_prone_annotations/2.27.0/error_prone_annotations-2.27.0.jar:/home/hugao/.m2/repository/org/apache/commons/commons-compress/1.27.1/commons-compress-1.27.1.jar:/home/hugao/.m2/repository/commons-codec/commons-codec/1.17.1/commons-codec-1.17.1.jar:/home/hugao/.m2/repository/org/sonarsource/scanner/lib/sonar-scanner-java-library-batch-interface/3.3.1.450/sonar-scanner-java-library-batch-interface-3.3.1.450.jar:/home/hugao/.m2/repository/io/github/hakky54/sslcontext-kickstart/8.3.6/sslcontext-kickstart-8.3.6.jar:/home/hugao/.m2/repository/org/bouncycastle/bcprov-jdk18on/1.78.1/bcprov-jdk18on-1.78.1.jar:/home/hugao/.m2/repository/org/apache/commons/commons-lang3/3.14.0/commons-lang3-3.14.0.jar:/home/hugao/.m2/repository/org/junit/jupiter/junit-jupiter/5.11.3/junit-jupiter-5.11.3.jar:/home/hugao/.m2/repository/org/junit/jupiter/junit-jupiter-api/5.11.3/junit-jupiter-api-5.11.3.jar:/home/hugao/.m2/repository/org/opentest4j/opentest4j/1.3.0/opentest4j-1.3.0.jar:/home/hugao/.m2/repository/org/junit/platform/junit-platform-commons/1.11.3/junit-platform-commons-1.11.3.jar:/home/hugao/.m2/repository/org/apiguardian/apiguardian-api/1.1.2/apiguardian-api-1.1.2.jar:/home/hugao/.m2/repository/org/junit/jupiter/junit-jupiter-params/5.11.3/junit-jupiter-params-5.11.3.jar:/home/hugao/.m2/repository/org/junit/jupiter/junit-jupiter-engine/5.11.3/junit-jupiter-engine-5.11.3.jar:/home/hugao/.m2/repository/org/junit/platform/junit-platform-engine/1.11.3/junit-platform-engine-1.11.3.jar:/home/hugao/.m2/repository/org/slf4j/slf4j-api/2.0.16/slf4j-api-2.0.16.jar:/home/hugao/.m2/repository/ch/qos/logback/logback-classic/1.5.16/logback-classic-1.5.16.jar:/home/hugao/.m2/repository/ch/qos/logback/logback-core/1.5.16/logback-core-1.5.16.jar:/home/hugao/.m2/repository/org/jacoco/jacoco-maven-plugin/0.8.12/jacoco-maven-plugin-0.8.12.jar:/home/hugao/.m2/repository/org/codehaus/plexus/plexus-utils/3.0.24/plexus-utils-3.0.24.jar:/home/hugao/.m2/repository/org/apache/maven/shared/file-management/3.1.0/file-management-3.1.0.jar:/home/hugao/.m2/repository/commons-io/commons-io/2.11.0/commons-io-2.11.0.jar:/home/hugao/.m2/repository/org/apache/maven/reporting/maven-reporting-api/3.0/maven-reporting-api-3.0.jar:/home/hugao/.m2/repository/org/apache/maven/doxia/doxia-sink-api/1.0/doxia-sink-api-1.0.jar:/home/hugao/.m2/repository/org/jacoco/org.jacoco.agent/0.8.12/org.jacoco.agent-0.8.12-runtime.jar:/home/hugao/.m2/repository/org/jacoco/org.jacoco.core/0.8.12/org.jacoco.core-0.8.12.jar:/home/hugao/.m2/repository/org/ow2/asm/asm/9.7/asm-9.7.jar:/home/hugao/.m2/repository/org/ow2/asm/asm-commons/9.7/asm-commons-9.7.jar:/home/hugao/.m2/repository/org/ow2/asm/asm-tree/9.7/asm-tree-9.7.jar:/home/hugao/.m2/repository/org/jacoco/org.jacoco.report/0.8.12/org.jacoco.report-0.8.12.jar:"/>
    <property name="java.vm.vendor" value="Ubuntu"/>
    <property name="sun.arch.data.model" value="64"/>
    <property name="java.vendor.url" value="https://ubuntu.com/"/>
    <property name="user.country.format" value="PT"/>
    <property name="os.name" value="Linux"/>
    <property name="java.vm.specification.version" value="17"/>
    <property name="sun.java.launcher" value="SUN_STANDARD"/>
    <property name="user.country" value="US"/>
    <property name="sun.boot.library.path" value="/usr/lib/jvm/java-17-openjdk-amd64/lib"/>
    <property name="sun.java.command" value="/home/hugao/Desktop/TQS_112733/lab8/lab1_2euromillions/target/surefire/surefirebooter-20250404150135302_3.jar /home/hugao/Desktop/TQS_112733/lab8/lab1_2euromillions/target/surefire 2025-04-04T15-01-35_222-jvmRun1 surefire-20250404150135302_1tmp surefire_0-20250404150135302_2tmp"/>
    <property name="jdk.debug" value="release"/>
    <property name="surefire.test.class.path" value="/home/hugao/Desktop/TQS_112733/lab8/lab1_2euromillions/target/test-classes:/home/hugao/Desktop/TQS_112733/lab8/lab1_2euromillions/target/classes:/home/hugao/.m2/repository/org/sonarsource/scanner/maven/sonar-maven-plugin/5.1.0.4751/sonar-maven-plugin-5.1.0.4751.jar:/home/hugao/.m2/repository/org/codehaus/plexus/plexus-sec-dispatcher/2.0/plexus-sec-dispatcher-2.0.jar:/home/hugao/.m2/repository/org/codehaus/plexus/plexus-cipher/2.0/plexus-cipher-2.0.jar:/home/hugao/.m2/repository/javax/inject/javax.inject/1/javax.inject-1.jar:/home/hugao/.m2/repository/org/sonarsource/scanner/lib/sonar-scanner-java-library/3.3.1.450/sonar-scanner-java-library-3.3.1.450.jar:/home/hugao/.m2/repository/com/squareup/okhttp3/okhttp/4.12.0/okhttp-4.12.0.jar:/home/hugao/.m2/repository/com/squareup/okio/okio/3.6.0/okio-3.6.0.jar:/home/hugao/.m2/repository/com/squareup/okio/okio-jvm/3.6.0/okio-jvm-3.6.0.jar:/home/hugao/.m2/repository/org/jetbrains/kotlin/kotlin-stdlib-common/1.9.10/kotlin-stdlib-common-1.9.10.jar:/home/hugao/.m2/repository/org/jetbrains/kotlin/kotlin-stdlib-jdk8/1.8.21/kotlin-stdlib-jdk8-1.8.21.jar:/home/hugao/.m2/repository/org/jetbrains/kotlin/kotlin-stdlib/1.8.21/kotlin-stdlib-1.8.21.jar:/home/hugao/.m2/repository/org/jetbrains/annotations/13.0/annotations-13.0.jar:/home/hugao/.m2/repository/org/jetbrains/kotlin/kotlin-stdlib-jdk7/1.8.21/kotlin-stdlib-jdk7-1.8.21.jar:/home/hugao/.m2/repository/com/squareup/okhttp3/okhttp-urlconnection/4.12.0/okhttp-urlconnection-4.12.0.jar:/home/hugao/.m2/repository/com/squareup/okhttp3/logging-interceptor/4.12.0/logging-interceptor-4.12.0.jar:/home/hugao/.m2/repository/com/google/code/gson/gson/2.11.0/gson-2.11.0.jar:/home/hugao/.m2/repository/com/google/errorprone/error_prone_annotations/2.27.0/error_prone_annotations-2.27.0.jar:/home/hugao/.m2/repository/org/apache/commons/commons-compress/1.27.1/commons-compress-1.27.1.jar:/home/hugao/.m2/repository/commons-codec/commons-codec/1.17.1/commons-codec-1.17.1.jar:/home/hugao/.m2/repository/org/sonarsource/scanner/lib/sonar-scanner-java-library-batch-interface/3.3.1.450/sonar-scanner-java-library-batch-interface-3.3.1.450.jar:/home/hugao/.m2/repository/io/github/hakky54/sslcontext-kickstart/8.3.6/sslcontext-kickstart-8.3.6.jar:/home/hugao/.m2/repository/org/bouncycastle/bcprov-jdk18on/1.78.1/bcprov-jdk18on-1.78.1.jar:/home/hugao/.m2/repository/org/apache/commons/commons-lang3/3.14.0/commons-lang3-3.14.0.jar:/home/hugao/.m2/repository/org/junit/jupiter/junit-jupiter/5.11.3/junit-jupiter-5.11.3.jar:/home/hugao/.m2/repository/org/junit/jupiter/junit-jupiter-api/5.11.3/junit-jupiter-api-5.11.3.jar:/home/hugao/.m2/repository/org/opentest4j/opentest4j/1.3.0/opentest4j-1.3.0.jar:/home/hugao/.m2/repository/org/junit/platform/junit-platform-commons/1.11.3/junit-platform-commons-1.11.3.jar:/home/hugao/.m2/repository/org/apiguardian/apiguardian-api/1.1.2/apiguardian-api-1.1.2.jar:/home/hugao/.m2/repository/org/junit/jupiter/junit-jupiter-params/5.11.3/junit-jupiter-params-5.11.3.jar:/home/hugao/.m2/repository/org/junit/jupiter/junit-jupiter-engine/5.11.3/junit-jupiter-engine-5.11.3.jar:/home/hugao/.m2/repository/org/junit/platform/junit-platform-engine/1.11.3/junit-platform-engine-1.11.3.jar:/home/hugao/.m2/repository/org/slf4j/slf4j-api/2.0.16/slf4j-api-2.0.16.jar:/home/hugao/.m2/repository/ch/qos/logback/logback-classic/1.5.16/logback-classic-1.5.16.jar:/home/hugao/.m2/repository/ch/qos/logback/logback-core/1.5.16/logback-core-1.5.16.jar:/home/hugao/.m2/repository/org/jacoco/jacoco-maven-plugin/0.8.12/jacoco-maven-plugin-0.8.12.jar:/home/hugao/.m2/repository/org/codehaus/plexus/plexus-utils/3.0.24/plexus-utils-3.0.24.jar:/home/hugao/.m2/repository/org/apache/maven/shared/file-management/3.1.0/file-management-3.1.0.jar:/home/hugao/.m2/repository/commons-io/commons-io/2.11.0/commons-io-2.11.0.jar:/home/hugao/.m2/repository/org/apache/maven/reporting/maven-reporting-api/3.0/maven-reporting-api-3.0.jar:/home/hugao/.m2/repository/org/apache/maven/doxia/doxia-sink-api/1.0/doxia-sink-api-1.0.jar:/home/hugao/.m2/repository/org/jacoco/org.jacoco.agent/0.8.12/org.jacoco.agent-0.8.12-runtime.jar:/home/hugao/.m2/repository/org/jacoco/org.jacoco.core/0.8.12/org.jacoco.core-0.8.12.jar:/home/hugao/.m2/repository/org/ow2/asm/asm/9.7/asm-9.7.jar:/home/hugao/.m2/repository/org/ow2/asm/asm-commons/9.7/asm-commons-9.7.jar:/home/hugao/.m2/repository/org/ow2/asm/asm-tree/9.7/asm-tree-9.7.jar:/home/hugao/.m2/repository/org/jacoco/org.jacoco.report/0.8.12/org.jacoco.report-0.8.12.jar:"/>
    <property name="sun.cpu.endian" value="little"/>
    <property name="user.home" value="/home/hugao"/>
    <property name="user.language" value="en"/>
    <property name="java.specification.vendor" value="Oracle Corporation"/>
    <property name="java.version.date" value="2025-01-21"/>
    <property name="java.home" value="/usr/lib/jvm/java-17-openjdk-amd64"/>
    <property name="file.separator" value="/"/>
    <property name="basedir" value="/home/hugao/Desktop/TQS_112733/lab8/lab1_2euromillions"/>
    <property name="java.vm.compressedOopsMode" value="Zero based"/>
    <property name="line.separator" value="&#10;"/>
    <property name="java.vm.specification.vendor" value="Oracle Corporation"/>
    <property name="java.specification.name" value="Java Platform API Specification"/>
    <property name="surefire.real.class.path" value="/home/hugao/Desktop/TQS_112733/lab8/lab1_2euromillions/target/surefire/surefirebooter-20250404150135302_3.jar"/>
    <property name="sun.management.compiler" value="HotSpot 64-Bit Tiered Compilers"/>
    <property name="java.runtime.version" value="17.0.14+7-Ubuntu-122.04.1"/>
    <property name="user.name" value="hugao"/>
    <property name="path.separator" value=":"/>
    <property name="os.version" value="6.8.0-57-generic"/>
    <property name="java.runtime.name" value="OpenJDK Runtime Environment"/>
    <property name="file.encoding" value="UTF-8"/>
    <property name="java.vm.name" value="OpenJDK 64-Bit Server VM"/>
    <property name="localRepository" value="/home/hugao/.m2/repository"/>
    <property name="java.vendor.url.bug" value="https://bugs.launchpad.net/ubuntu/+source/openjdk-17"/>
    <property name="java.io.tmpdir" value="/tmp"/>
    <property name="sonar.token" value="sqp_6324f380f0ff5627aa72669c9518fcd7d2871688"/>
    <property name="java.version" value="17.0.14"/>
    <property name="user.dir" value="/home/hugao/Desktop/TQS_112733/lab8/lab1_2euromillions"/>
    <property name="os.arch" value="amd64"/>
    <property name="java.vm.specification.name" value="Java Virtual Machine Specification"/>
    <property name="user.language.format" value="pt"/>
    <property name="native.encoding" value="UTF-8"/>
    <property name="sonar.projectKey" value="Lab8"/>
    <property name="java.library.path" value="/usr/java/packages/lib:/usr/lib/x86_64-linux-gnu/jni:/lib/x86_64-linux-gnu:/usr/lib/x86_64-linux-gnu:/usr/lib/jni:/lib:/usr/lib"/>
    <property name="java.vm.info" value="mixed mode, sharing"/>
    <property name="java.vendor" value="Ubuntu"/>
    <property name="java.vm.version" value="17.0.14+7-Ubuntu-122.04.1"/>
    <property name="java.specification.maintenance.version" value="1"/>
    <property name="sun.io.unicode.encoding" value="UnicodeLittle"/>
    <property name="java.class.version" value="61.0"/>
  </properties>
  <testcase name="testHashCodeForEqualObjects" classname="tqs.sets.BoundedSetOfNaturalsTest" time="0.001"/>
  <testcase name="testIntersectsWithEmptySet" classname="tqs.sets.BoundedSetOfNaturalsTest" time="0.003"/>
  <testcase name="testIntersectsWithNoCommonElement" classname="tqs.sets.BoundedSetOfNaturalsTest" time="0.001"/>
  <testcase name="testEqualsWithDifferentElements" classname="tqs.sets.BoundedSetOfNaturalsTest" time="0.003"/>
  <testcase name="testIntersectsWithCommonElement" classname="tqs.sets.BoundedSetOfNaturalsTest" time="0.002"/>
  <testcase name="testAddElement" classname="tqs.sets.BoundedSetOfNaturalsTest" time="0.003">
    <system-out><![CDATA[Erro ao adicionar 11: bounded set is full. no more elements allowed.
]]></system-out>
  </testcase>
  <testcase name="testAddBeyondMaxSizeThrowsException" classname="tqs.sets.BoundedSetOfNaturalsTest" time="0.002"/>
  <testcase name="testFromArrayCreatesCorrectSet" classname="tqs.sets.BoundedSetOfNaturalsTest" time="0.001"/>
  <testcase name="testAddNegativeElementThrowsException" classname="tqs.sets.BoundedSetOfNaturalsTest" time="0.003"/>
  <testcase name="testEqualsWithDifferentClass" classname="tqs.sets.BoundedSetOfNaturalsTest" time="0.002"/>
  <testcase name="testEqualsWithSameObject" classname="tqs.sets.BoundedSetOfNaturalsTest" time="0.001"/>
  <testcase name="testAddDuplicateElementThrowsException" classname="tqs.sets.BoundedSetOfNaturalsTest" time="0.005"/>
  <testcase name="testAddFromBadArray" classname="tqs.sets.BoundedSetOfNaturalsTest" time="0.001"/>
  <testcase name="testEqualsWithNull" classname="tqs.sets.BoundedSetOfNaturalsTest" time="0.001"/>
</testsuite>